<?xml version="1.0" encoding="UTF-8"?>
<!-- Generated by org.testng.reporters.JUnitReportReporter -->
<testsuite skipped="0" hostname="Theju-PC" name="Demo_Selenium_Grid_Parallel" tests="2" failures="0" timestamp="28 Dec 2018 10:24:02 GMT" time="40.003" errors="0">
  <testcase name="demo_Grid" time="22.404" classname="Demo_Selenium_Grid_Parallel"/>
  <testcase name="demo_Grid" time="17.599" classname="Demo_Selenium_Grid_Parallel"/>
</testsuite> <!-- Demo_Selenium_Grid_Parallel -->
